<test-run id="2" duration="0.045084" testcasecount="7" total="7" passed="7" failed="0" inconclusive="0" skipped="0" result="Passed" start-time="2021-10-17T 12:19:17Z" end-time="2021-10-17T 12:19:20Z">
  <test-suite type="Assembly" name="LruCache.Tests.dll" fullname="C:\Users\olatu\Projects\demo\AWSM\lrucache\lru-cache\LRUCache\LruCache.Tests\bin\Debug\net5.0\LruCache.Tests.dll" total="7" passed="7" failed="0" inconclusive="0" skipped="0" result="Passed" start-time="2021-10-17T 12:19:19Z" end-time="2021-10-17T 12:19:20Z" duration="0.045084">
    <test-suite type="TestSuite" name="LruCache" fullname="LruCache" total="7" passed="7" failed="0" inconclusive="0" skipped="0" result="Passed" start-time="2021-10-17T 12:19:19Z" end-time="2021-10-17T 12:19:20Z" duration="0.045084">
      <test-suite type="TestSuite" name="Tests" fullname="LruCache.Tests" total="7" passed="7" failed="0" inconclusive="0" skipped="0" result="Passed" start-time="2021-10-17T 12:19:19Z" end-time="2021-10-17T 12:19:20Z" duration="0.045084">
        <test-suite type="TestFixture" name="LruCacheServiceTest" fullname="LruCache.Tests.LruCacheServiceTest" total="7" passed="7" failed="0" inconclusive="0" skipped="0" result="Passed" start-time="2021-10-17T 12:19:19Z" end-time="2021-10-17T 12:19:20Z" duration="0.045084">
          <test-case name="LruCache_Returns_CorrectCachedItems(&quot;AB&quot;)" fullname="LruCache.Tests.LruCacheServiceTest.LruCache_Returns_CorrectCachedItems(&quot;AB&quot;)" methodname="LruCache_Returns_CorrectCachedItems(&quot;AB&quot;)" classname="LruCacheServiceTest" result="Passed" start-time="2021-10-17T 12:19:19Z" end-time="2021-10-17T 12:19:20Z" duration="0.042157" asserts="0" />
          <test-case name="LruCache_Returns_CorrectCachedItems(&quot;ABC&quot;)" fullname="LruCache.Tests.LruCacheServiceTest.LruCache_Returns_CorrectCachedItems(&quot;ABC&quot;)" methodname="LruCache_Returns_CorrectCachedItems(&quot;ABC&quot;)" classname="LruCacheServiceTest" result="Passed" start-time="2021-10-17T 12:19:20Z" end-time="2021-10-17T 12:19:20Z" duration="0.000641" asserts="0" />
          <test-case name="LruCache_Returns_CorrectCachedItems(&quot;ABCD&quot;)" fullname="LruCache.Tests.LruCacheServiceTest.LruCache_Returns_CorrectCachedItems(&quot;ABCD&quot;)" methodname="LruCache_Returns_CorrectCachedItems(&quot;ABCD&quot;)" classname="LruCacheServiceTest" result="Passed" start-time="2021-10-17T 12:19:20Z" end-time="2021-10-17T 12:19:20Z" duration="0.000189" asserts="0" />
          <test-case name="LruCache_Returns_CorrectCachedItems(&quot;ABCDA&quot;)" fullname="LruCache.Tests.LruCacheServiceTest.LruCache_Returns_CorrectCachedItems(&quot;ABCDA&quot;)" methodname="LruCache_Returns_CorrectCachedItems(&quot;ABCDA&quot;)" classname="LruCacheServiceTest" result="Passed" start-time="2021-10-17T 12:19:20Z" end-time="2021-10-17T 12:19:20Z" duration="0.001135" asserts="0" />
          <test-case name="LruCache_Returns_CorrectCachedItems(&quot;ABCDAE&quot;)" fullname="LruCache.Tests.LruCacheServiceTest.LruCache_Returns_CorrectCachedItems(&quot;ABCDAE&quot;)" methodname="LruCache_Returns_CorrectCachedItems(&quot;ABCDAE&quot;)" classname="LruCacheServiceTest" result="Passed" start-time="2021-10-17T 12:19:20Z" end-time="2021-10-17T 12:19:20Z" duration="0.000254" asserts="0" />
          <test-case name="LruCache_Returns_CorrectCachedItems(&quot;ABCDAED&quot;)" fullname="LruCache.Tests.LruCacheServiceTest.LruCache_Returns_CorrectCachedItems(&quot;ABCDAED&quot;)" methodname="LruCache_Returns_CorrectCachedItems(&quot;ABCDAED&quot;)" classname="LruCacheServiceTest" result="Passed" start-time="2021-10-17T 12:19:20Z" end-time="2021-10-17T 12:19:20Z" duration="0.000445" asserts="0" />
          <test-case name="LruCache_Returns_CorrectCachedItems(&quot;ABCDAEDZ&quot;)" fullname="LruCache.Tests.LruCacheServiceTest.LruCache_Returns_CorrectCachedItems(&quot;ABCDAEDZ&quot;)" methodname="LruCache_Returns_CorrectCachedItems(&quot;ABCDAEDZ&quot;)" classname="LruCacheServiceTest" result="Passed" start-time="2021-10-17T 12:19:20Z" end-time="2021-10-17T 12:19:20Z" duration="0.000263" asserts="0" />
        </test-suite>
      </test-suite>
    </test-suite>
    <errors />
  </test-suite>
</test-run>